<?xml version="1.0" encoding="UTF-8"?>
<!-- Generated by org.testng.reporters.JUnitReportReporter -->
<testsuite hostname="AU171TX" failures="0" tests="1" name="testCases.Generalstore_Ecommerce" time="46.882" errors="0" timestamp="2022-11-29T15:48:52 BDT" skipped="0">
  <testcase classname="testCases.Generalstore_Ecommerce" name="myfirstTest" time="46.882"/>
  <system-out/>
</testsuite> <!-- testCases.Generalstore_Ecommerce -->
